0 info it worked if it ends with ok
1 verbose cli [ 'node', '/usr/local/bin/npm', 'install', 'grunt-cli' ]
2 info using npm@1.4.9
3 info using node@v0.10.28
4 verbose readDependencies using package.json deps
5 verbose cache add [ 'grunt-cli', null ]
6 verbose cache add name=undefined spec="grunt-cli" args=["grunt-cli",null]
7 verbose parsed url { protocol: null,
7 verbose parsed url   slashes: null,
7 verbose parsed url   auth: null,
7 verbose parsed url   host: null,
7 verbose parsed url   port: null,
7 verbose parsed url   hostname: null,
7 verbose parsed url   hash: null,
7 verbose parsed url   search: null,
7 verbose parsed url   query: null,
7 verbose parsed url   pathname: 'grunt-cli',
7 verbose parsed url   path: 'grunt-cli',
7 verbose parsed url   href: 'grunt-cli' }
8 silly lockFile 671ef8ac-grunt-cli grunt-cli
9 verbose lock grunt-cli /Users/rafaell/.npm/671ef8ac-grunt-cli.lock
10 silly lockFile 671ef8ac-grunt-cli grunt-cli
11 silly lockFile 671ef8ac-grunt-cli grunt-cli
12 verbose addNamed [ 'grunt-cli', '' ]
13 verbose addNamed [ null, '*' ]
14 silly lockFile d63f3d0b-grunt-cli grunt-cli@
15 verbose lock grunt-cli@ /Users/rafaell/.npm/d63f3d0b-grunt-cli.lock
16 silly addNameRange { name: 'grunt-cli', range: '*', hasData: false }
17 verbose url raw grunt-cli
18 verbose url resolving [ 'https://registry.npmjs.org/', './grunt-cli' ]
19 verbose url resolved https://registry.npmjs.org/grunt-cli
20 info trying registry request attempt 1 at 11:50:54
21 verbose etag "1OW8W5OHUN236T65YYBJB560F"
22 http GET https://registry.npmjs.org/grunt-cli
23 http 304 https://registry.npmjs.org/grunt-cli
24 silly registry.get cb [ 304,
24 silly registry.get   { date: 'Thu, 05 Jun 2014 14:50:54 GMT',
24 silly registry.get     server: 'Apache',
24 silly registry.get     via: '1.1 varnish',
24 silly registry.get     'last-modified': 'Thu, 05 Jun 2014 14:50:54 GMT',
24 silly registry.get     'cache-control': 'max-age=1',
24 silly registry.get     etag: '"1OW8W5OHUN236T65YYBJB560F"',
24 silly registry.get     'x-served-by': 'cache-at51-ATL',
24 silly registry.get     'x-cache': 'HIT',
24 silly registry.get     'x-cache-hits': '1',
24 silly registry.get     'x-timer': 'S1401979854.781712,VS0,VE46',
24 silly registry.get     vary: 'Accept',
24 silly registry.get     'content-length': '0',
24 silly registry.get     'keep-alive': 'timeout=10, max=50',
24 silly registry.get     connection: 'Keep-Alive' } ]
25 verbose etag grunt-cli from cache
26 silly addNameRange number 2 { name: 'grunt-cli', range: '*', hasData: true }
27 silly addNameRange versions [ 'grunt-cli',
27 silly addNameRange   [ '0.1.0',
27 silly addNameRange     '0.1.1',
27 silly addNameRange     '0.1.2',
27 silly addNameRange     '0.1.3',
27 silly addNameRange     '0.1.4',
27 silly addNameRange     '0.1.5',
27 silly addNameRange     '0.1.6',
27 silly addNameRange     '0.1.7',
27 silly addNameRange     '0.1.8',
27 silly addNameRange     '0.1.9',
27 silly addNameRange     '0.1.10',
27 silly addNameRange     '0.1.11',
27 silly addNameRange     '0.1.12',
27 silly addNameRange     '0.1.13' ] ]
28 verbose addNamed [ 'grunt-cli', '0.1.13' ]
29 verbose addNamed [ '0.1.13', '0.1.13' ]
30 silly lockFile 28997503-grunt-cli-0-1-13 grunt-cli@0.1.13
31 verbose lock grunt-cli@0.1.13 /Users/rafaell/.npm/28997503-grunt-cli-0-1-13.lock
32 silly lockFile 28997503-grunt-cli-0-1-13 grunt-cli@0.1.13
33 silly lockFile 28997503-grunt-cli-0-1-13 grunt-cli@0.1.13
34 silly lockFile d63f3d0b-grunt-cli grunt-cli@
35 silly lockFile d63f3d0b-grunt-cli grunt-cli@
36 silly resolved [ { name: 'grunt-cli',
36 silly resolved     description: 'The grunt command line interface.',
36 silly resolved     version: '0.1.13',
36 silly resolved     author: { name: 'Grunt Team' },
36 silly resolved     homepage: 'http://gruntjs.com/',
36 silly resolved     repository: { type: 'git', url: 'git://github.com/gruntjs/grunt-cli.git' },
36 silly resolved     bugs: { url: 'http://github.com/gruntjs/grunt-cli/issues' },
36 silly resolved     licenses: [ [Object] ],
36 silly resolved     bin: { grunt: 'bin/grunt' },
36 silly resolved     engines: { node: '>= 0.8.0' },
36 silly resolved     scripts: { test: 'node bin/grunt test' },
36 silly resolved     preferGlobal: true,
36 silly resolved     dependencies: { nopt: '~1.0.10', 'findup-sync': '~0.1.0', resolve: '~0.3.1' },
36 silly resolved     devDependencies: { grunt: '~0.4.0', 'grunt-contrib-jshint': '~0.2.0' },
36 silly resolved     contributors: [ [Object], [Object], [Object], [Object] ],
36 silly resolved     readme: '# grunt-cli [![Build Status](https://secure.travis-ci.org/gruntjs/grunt-cli.png?branch=master)](http://travis-ci.org/gruntjs/grunt-cli)\n> The Grunt command line interface.\n\nInstall this globally and you\'ll have access to the `grunt` command anywhere on your system.\n\n```shell\nnpm install -g grunt-cli\n```\n\n**Note:** The job of the `grunt` command is to load and run the version of Grunt you have installed locally to your project, irrespective of its version.  Starting with Grunt v0.4, you should never install Grunt itself globally.  For more information about why, [please read this](http://blog.nodejs.org/2011/03/23/npm-1-0-global-vs-local-installation).\n\nSee the [Getting Started](http://gruntjs.com/getting-started) guide for more information.\n\n## Shell tab auto-completion\nTo enable tab auto-completion for Grunt, add one of the following lines to your `~/.bashrc` or `~/.zshrc` file.\n\n```bash\n# Bash, ~/.bashrc\neval "$(grunt --completion=bash)"\n```\n\n```bash\n# Zsh, ~/.zshrc\neval "$(grunt --completion=zsh)"\n```\n\n## Installing grunt-cli locally\nIf you prefer the idiomatic Node.js method to get started with a project (`npm install && npm test`) then install grunt-cli locally with `npm install grunt-cli --save-dev`. Then add a script to your `package.json` to run the associated grunt command: `"scripts": { "test": "grunt test" } `. Now `npm test` will use the locally installed `./node_modules/.bin/grunt` executable to run your Grunt commands.\n\nTo read more about npm scripts, please visit the npm docs: [https://npmjs.org/doc/misc/npm-scripts.html](https://npmjs.org/doc/misc/npm-scripts.html).\n',
36 silly resolved     readmeFilename: 'README.md',
36 silly resolved     _id: 'grunt-cli@0.1.13',
36 silly resolved     _shasum: 'e9ebc4047631f5012d922770c39378133cad10f4',
36 silly resolved     _from: 'grunt-cli@',
36 silly resolved     _resolved: 'https://registry.npmjs.org/grunt-cli/-/grunt-cli-0.1.13.tgz' } ]
37 info install grunt-cli@0.1.13 into /Users/rafaell/Documents/Projetos/rafaell-lycan.github.com
38 info installOne grunt-cli@0.1.13
39 info /Users/rafaell/Documents/Projetos/rafaell-lycan.github.com/node_modules/grunt-cli unbuild
40 info preuninstall grunt-cli@0.1.13
41 info uninstall grunt-cli@0.1.13
42 verbose true,/Users/rafaell/Documents/Projetos/rafaell-lycan.github.com/node_modules,/Users/rafaell/Documents/Projetos/rafaell-lycan.github.com/node_modules unbuild grunt-cli@0.1.13
43 verbose /Users/rafaell/Documents/Projetos/rafaell-lycan.github.com/node_modules/.bin,[object Object] binRoot
44 info /Users/rafaell/Documents/Projetos/rafaell-lycan.github.com/node_modules/grunt-cli unbuild
45 info preuninstall grunt-cli@0.1.13
46 info uninstall grunt-cli@0.1.13
47 verbose true,/Users/rafaell/Documents/Projetos/rafaell-lycan.github.com/node_modules,/Users/rafaell/Documents/Projetos/rafaell-lycan.github.com/node_modules unbuild grunt-cli@0.1.13
48 verbose /Users/rafaell/Documents/Projetos/rafaell-lycan.github.com/node_modules/.bin,[object Object] binRoot
49 info postuninstall grunt-cli@0.1.13
50 error Refusing to delete: /Users/rafaell/Documents/Projetos/rafaell-lycan.github.com/node_modules/.bin/grunt not in /Users/rafaell/Documents/Projetos/rafaell-lycan.github.com/node_modules/grunt-cli
File exists: /Users/rafaell/Documents/Projetos/rafaell-lycan.github.com/node_modules/.bin/grunt
Move it away, and try again.
51 error System Darwin 13.2.0
52 error command "node" "/usr/local/bin/npm" "install" "grunt-cli"
53 error cwd /Users/rafaell/Documents/Projetos/rafaell-lycan.github.com
54 error node -v v0.10.28
55 error npm -v 1.4.9
56 error path /Users/rafaell/Documents/Projetos/rafaell-lycan.github.com/node_modules/.bin/grunt
57 error code EEXIST
58 verbose exit [ 1, true ]
